<?xml version="1.0" encoding="UTF-8"?>
<testsuite name="login despegar" tests="1" skipped="1" failures="0" errors="0" timestamp="2018-12-03T02:59:16" hostname="RC-PC" time="13.011">
  <properties/>
  <testcase name="login with correct credentials" classname="login despegar" time="13.011">
    <skipped/>
  </testcase>
  <system-out><![CDATA[]]></system-out>
  <system-err><![CDATA[dic 02, 2018 9:59:16 PM org.openqa.selenium.remote.DesiredCapabilities chrome
INFORMACIÓN: Using `new ChromeOptions()` is preferred to `DesiredCapabilities.chrome()`
dic 02, 2018 9:59:18 PM org.openqa.selenium.remote.ProtocolHandshake createSession
INFORMACIÓN: Detected dialect: OSS
[Test worker] INFO net.thucydides.core.steps.ConsoleLoggingListener - TEST PENDING
[Test worker] INFO net.thucydides.core.steps.ConsoleLoggingListener - 
          __  _____ _____ ____ _____   ____  _____ _   _ ____ ___ _   _  ____ 
 _       / / |_   _| ____/ ___|_   _| |  _ \| ____| \ | |  _ \_ _| \ | |/ ___|
(_)____ / /    | | |  _| \___ \ | |   | |_) |  _| |  \| | | | | ||  \| | |  _ 
 |_____/ /     | | | |___ ___) || |   |  __/| |___| |\  | |_| | || |\  | |_| |
(_)   /_/      |_| |_____|____/ |_|   |_|   |_____|_| \_|____/___|_| \_|\____|
                                                                                

TEST PENDING: login with correct credentials
---------------------------------------------------------------------------------
]]></system-err>
</testsuite>
